<?xml version="1.0" encoding="UTF-8"?>
<!-- Generated by org.testng.reporters.JUnitXMLReporter -->
<testsuite hostname="DESKTOP-9OK3TMH" ignored="0" name="Test1" tests="1" failures="1" timestamp="2020-05-21T09:44:34 IST" time="5.558" errors="0">
  <testcase name="sub" time="5.544" classname="Start.Maven.Mav">
    <failure type="org.openqa.selenium.SessionNotCreatedException" message="session not created
from disconnected: received Inspector.detached event
  (Session info: chrome=81.0.4044.138)
Build info: version: &amp;apos;3.141.59&amp;apos;, revision: &amp;apos;e82be7d358&amp;apos;, time: &amp;apos;2018-11-14T08:17:03&amp;apos;
System info: host: &amp;apos;DESKTOP-9OK3TMH&amp;apos;, ip: &amp;apos;192.168.43.32&amp;apos;, os.name: &amp;apos;Windows 10&amp;apos;, os.arch: &amp;apos;amd64&amp;apos;, os.version: &amp;apos;10.0&amp;apos;, java.version: &amp;apos;1.8.0_241&amp;apos;
Driver info: driver.version: ChromeDriver
remote stacktrace: Backtrace:
	Ordinal0 [0x00FB5E93+2449043]
	Ordinal0 [0x00EE8281+1606273]
	Ordinal0 [0x00DDF889+522377]
	Ordinal0 [0x00DD8099+491673]
	Ordinal0 [0x00DD7CAC+490668]
	Ordinal0 [0x00DD75A6+488870]
	Ordinal0 [0x00DD6BAC+486316]
	Ordinal0 [0x00DD6DE5+486885]
	Ordinal0 [0x00DD6825+485413]
	Ordinal0 [0x00DD3156+471382]
	Ordinal0 [0x00DD67E2+485346]
	Ordinal0 [0x00DD6737+485175]
	Ordinal0 [0x00DE0520+525600]
	Ordinal0 [0x00D8CBB9+183225]
	Ordinal0 [0x00D8BF2D+180013]
	Ordinal0 [0x00D89E5B+171611]
	Ordinal0 [0x00D71DD8+73176]
	Ordinal0 [0x00D72E50+77392]
	Ordinal0 [0x00D72DE9+77289]
	Ordinal0 [0x00EFD7F7+1693687]
	GetHandleVerifier [0x01054576+522742]
	GetHandleVerifier [0x010542B4+522036]
	GetHandleVerifier [0x01069587+608775]
	GetHandleVerifier [0x01054DE6+524902]
	Ordinal0 [0x00EF5BDC+1661916]
	Ordinal0 [0x00EFF15B+1700187]
	Ordinal0 [0x00EFF2C3+1700547]
	Ordinal0 [0x00F15135+1790261]
	BaseThreadInitThunk [0x74818494+36]
	RtlAreBitsSet [0x77C34328+136]
	RtlAreBitsSet [0x77C342F8+88]
">
      <![CDATA[org.openqa.selenium.SessionNotCreatedException: session not created
from disconnected: received Inspector.detached event
  (Session info: chrome=81.0.4044.138)
Build info: version: '3.141.59', revision: 'e82be7d358', time: '2018-11-14T08:17:03'
System info: host: 'DESKTOP-9OK3TMH', ip: '192.168.43.32', os.name: 'Windows 10', os.arch: 'amd64', os.version: '10.0', java.version: '1.8.0_241'
Driver info: driver.version: ChromeDriver
remote stacktrace: Backtrace:
Ordinal0 [0x00FB5E93+2449043]
Ordinal0 [0x00EE8281+1606273]
Ordinal0 [0x00DDF889+522377]
Ordinal0 [0x00DD8099+491673]
Ordinal0 [0x00DD7CAC+490668]
Ordinal0 [0x00DD75A6+488870]
Ordinal0 [0x00DD6BAC+486316]
Ordinal0 [0x00DD6DE5+486885]
Ordinal0 [0x00DD6825+485413]
Ordinal0 [0x00DD3156+471382]
Ordinal0 [0x00DD67E2+485346]
Ordinal0 [0x00DD6737+485175]
Ordinal0 [0x00DE0520+525600]
Ordinal0 [0x00D8CBB9+183225]
Ordinal0 [0x00D8BF2D+180013]
Ordinal0 [0x00D89E5B+171611]
Ordinal0 [0x00D71DD8+73176]
Ordinal0 [0x00D72E50+77392]
Ordinal0 [0x00D72DE9+77289]
Ordinal0 [0x00EFD7F7+1693687]
GetHandleVerifier [0x01054576+522742]
GetHandleVerifier [0x010542B4+522036]
GetHandleVerifier [0x01069587+608775]
GetHandleVerifier [0x01054DE6+524902]
Ordinal0 [0x00EF5BDC+1661916]
Ordinal0 [0x00EFF15B+1700187]
Ordinal0 [0x00EFF2C3+1700547]
Ordinal0 [0x00F15135+1790261]
BaseThreadInitThunk [0x74818494+36]
RtlAreBitsSet [0x77C34328+136]
RtlAreBitsSet [0x77C342F8+88]

at org.openqa.selenium.remote.W3CHandshakeResponse.lambda$errorHandler$0(W3CHandshakeResponse.java:62)
at org.openqa.selenium.remote.HandshakeResponse.lambda$getResponseFunction$0(HandshakeResponse.java:30)
at org.openqa.selenium.remote.ProtocolHandshake.lambda$createSession$0(ProtocolHandshake.java:126)
at java.util.stream.ReferencePipeline$3$1.accept(Unknown Source)
at java.util.Spliterators$ArraySpliterator.tryAdvance(Unknown Source)
at java.util.stream.ReferencePipeline.forEachWithCancel(Unknown Source)
at java.util.stream.AbstractPipeline.copyIntoWithCancel(Unknown Source)
at java.util.stream.AbstractPipeline.copyInto(Unknown Source)
at java.util.stream.AbstractPipeline.wrapAndCopyInto(Unknown Source)
at java.util.stream.FindOps$FindOp.evaluateSequential(Unknown Source)
at java.util.stream.AbstractPipeline.evaluate(Unknown Source)
at java.util.stream.ReferencePipeline.findFirst(Unknown Source)
at org.openqa.selenium.remote.ProtocolHandshake.createSession(ProtocolHandshake.java:128)
at org.openqa.selenium.remote.ProtocolHandshake.createSession(ProtocolHandshake.java:74)
at org.openqa.selenium.remote.HttpCommandExecutor.execute(HttpCommandExecutor.java:136)
at org.openqa.selenium.remote.service.DriverCommandExecutor.execute(DriverCommandExecutor.java:83)
at org.openqa.selenium.remote.RemoteWebDriver.execute(RemoteWebDriver.java:552)
at org.openqa.selenium.remote.RemoteWebDriver.startSession(RemoteWebDriver.java:213)
at org.openqa.selenium.remote.RemoteWebDriver.<init>(RemoteWebDriver.java:131)
at org.openqa.selenium.chrome.ChromeDriver.<init>(ChromeDriver.java:181)
at org.openqa.selenium.chrome.ChromeDriver.<init>(ChromeDriver.java:168)
at org.openqa.selenium.chrome.ChromeDriver.<init>(ChromeDriver.java:123)
at Start.Maven.Mav.sub(Mav.java:19)
at java.util.ArrayList.forEach(Unknown Source)
... Removed 31 stack frames]]>
    </failure>
  </testcase> <!-- sub -->
</testsuite> <!-- Test1 -->
